<?xml version="1.0" encoding="UTF-8"?>
<!-- Generated by org.testng.reporters.JUnitXMLReporter -->
<testsuite ignored="0" hostname="Anjali" failures="0" tests="4" name="Test" time="39.268" errors="0" timestamp="2022-09-30T20:50:22 IST">
  <testcase classname="com.testing.SignIn" name="signinTest" time="3.908"/>
  <testcase classname="com.testing.RegisterPage" name="RegisterPageTest" time="3.758"/>
  <testcase classname="com.testing.GoogleSearchTest" name="SearchTest" time="6.442"/>
  <testcase classname="com.testing.AddtoCart" name="AddCartTest" time="2.371"/>
</testsuite> <!-- Test -->
