<?xml version="1.0" encoding="UTF-8"?>
<!-- Generated by org.testng.reporters.JUnitXMLReporter -->
<testsuite ignored="0" hostname="LAPTOP-UTQ6DMN4" failures="0" tests="13" name="Default test" time="83.686" errors="0" timestamp="2022-10-18T19:37:32 IST">
  <testcase classname="com.testing.EmployeePayroll" name="AdminAttendanceDashboard" time="1.674"/>
  <testcase classname="com.testing.EmployeePayroll" name="AdminDashboard" time="1.334"/>
  <testcase classname="com.testing.EmployeePayroll" name="AdminEmployeeDashboard" time="2.029"/>
  <testcase classname="com.testing.EmployeePayroll" name="AdminLeaveDashboard" time="0.688"/>
  <testcase classname="com.testing.EmployeePayroll" name="AdminSalaryDashboard" time="1.863"/>
  <testcase classname="com.testing.EmployeePayroll" name="ApplyLeave" time="1.091"/>
  <testcase classname="com.testing.EmployeePayroll" name="Edit" time="0.322"/>
  <testcase classname="com.testing.EmployeePayroll" name="LeaveStatus" time="0.447"/>
  <testcase classname="com.testing.EmployeePayroll" name="RegisterPageTest" time="1.544"/>
  <testcase classname="com.testing.EmployeePayroll" name="SalaryDashboard" time="0.444"/>
  <testcase classname="com.testing.EmployeePayroll" name="signinTest" time="1.256"/>
  <testcase classname="com.testing.EmployeePayroll" name="userattendance" time="2.201"/>
  <testcase classname="com.testing.EmployeePayroll" name="userdashboard" time="2.018"/>
</testsuite> <!-- Default test -->
