<?xml version="1.0" encoding="UTF-8"?>
<testng-results ignored="0" total="13" passed="13" failed="0" skipped="0">
  <reporter-output>
  </reporter-output>
  <suite started-at="2022-10-18T19:36:08 IST" name="Default suite" finished-at="2022-10-18T19:37:32 IST" duration-ms="83686">
    <groups>
    </groups>
    <test started-at="2022-10-18T19:36:08 IST" name="Default test" finished-at="2022-10-18T19:37:32 IST" duration-ms="83686">
      <class name="com.testing.EmployeePayroll">
        <test-method is-config="true" signature="beforeMethod()[pri:0, instance:com.testing.EmployeePayroll@dbf57b3]" started-at="2022-10-18T19:36:08 IST" name="beforeMethod" finished-at="2022-10-18T19:36:13 IST" duration-ms="4127" status="PASS">
          <reporter-output>
          </reporter-output>
        </test-method> <!-- beforeMethod -->
        <test-method signature="AdminAttendanceDashboard()[pri:0, instance:com.testing.EmployeePayroll@dbf57b3]" started-at="2022-10-18T19:36:13 IST" name="AdminAttendanceDashboard" finished-at="2022-10-18T19:36:14 IST" duration-ms="1674" status="PASS">
          <reporter-output>
          </reporter-output>
        </test-method> <!-- AdminAttendanceDashboard -->
        <test-method is-config="true" signature="afterMethod()[pri:0, instance:com.testing.EmployeePayroll@dbf57b3]" started-at="2022-10-18T19:36:14 IST" name="afterMethod" finished-at="2022-10-18T19:36:17 IST" duration-ms="3010" status="PASS">
          <reporter-output>
          </reporter-output>
        </test-method> <!-- afterMethod -->
        <test-method is-config="true" signature="beforeMethod()[pri:0, instance:com.testing.EmployeePayroll@dbf57b3]" started-at="2022-10-18T19:36:17 IST" name="beforeMethod" finished-at="2022-10-18T19:36:19 IST" duration-ms="1891" status="PASS">
          <reporter-output>
          </reporter-output>
        </test-method> <!-- beforeMethod -->
        <test-method signature="AdminDashboard()[pri:0, instance:com.testing.EmployeePayroll@dbf57b3]" started-at="2022-10-18T19:36:19 IST" name="AdminDashboard" finished-at="2022-10-18T19:36:20 IST" duration-ms="1334" status="PASS">
          <reporter-output>
          </reporter-output>
        </test-method> <!-- AdminDashboard -->
        <test-method is-config="true" signature="afterMethod()[pri:0, instance:com.testing.EmployeePayroll@dbf57b3]" started-at="2022-10-18T19:36:20 IST" name="afterMethod" finished-at="2022-10-18T19:36:24 IST" duration-ms="3017" status="PASS">
          <reporter-output>
          </reporter-output>
        </test-method> <!-- afterMethod -->
        <test-method is-config="true" signature="beforeMethod()[pri:0, instance:com.testing.EmployeePayroll@dbf57b3]" started-at="2022-10-18T19:36:24 IST" name="beforeMethod" finished-at="2022-10-18T19:36:25 IST" duration-ms="1752" status="PASS">
          <reporter-output>
          </reporter-output>
        </test-method> <!-- beforeMethod -->
        <test-method signature="AdminEmployeeDashboard()[pri:0, instance:com.testing.EmployeePayroll@dbf57b3]" started-at="2022-10-18T19:36:25 IST" name="AdminEmployeeDashboard" finished-at="2022-10-18T19:36:27 IST" duration-ms="2029" status="PASS">
          <reporter-output>
          </reporter-output>
        </test-method> <!-- AdminEmployeeDashboard -->
        <test-method is-config="true" signature="afterMethod()[pri:0, instance:com.testing.EmployeePayroll@dbf57b3]" started-at="2022-10-18T19:36:27 IST" name="afterMethod" finished-at="2022-10-18T19:36:30 IST" duration-ms="3006" status="PASS">
          <reporter-output>
          </reporter-output>
        </test-method> <!-- afterMethod -->
        <test-method is-config="true" signature="beforeMethod()[pri:0, instance:com.testing.EmployeePayroll@dbf57b3]" started-at="2022-10-18T19:36:30 IST" name="beforeMethod" finished-at="2022-10-18T19:36:32 IST" duration-ms="1939" status="PASS">
          <reporter-output>
          </reporter-output>
        </test-method> <!-- beforeMethod -->
        <test-method signature="AdminLeaveDashboard()[pri:0, instance:com.testing.EmployeePayroll@dbf57b3]" started-at="2022-10-18T19:36:32 IST" name="AdminLeaveDashboard" finished-at="2022-10-18T19:36:33 IST" duration-ms="688" status="PASS">
          <reporter-output>
          </reporter-output>
        </test-method> <!-- AdminLeaveDashboard -->
        <test-method is-config="true" signature="afterMethod()[pri:0, instance:com.testing.EmployeePayroll@dbf57b3]" started-at="2022-10-18T19:36:33 IST" name="afterMethod" finished-at="2022-10-18T19:36:36 IST" duration-ms="3010" status="PASS">
          <reporter-output>
          </reporter-output>
        </test-method> <!-- afterMethod -->
        <test-method is-config="true" signature="beforeMethod()[pri:0, instance:com.testing.EmployeePayroll@dbf57b3]" started-at="2022-10-18T19:36:36 IST" name="beforeMethod" finished-at="2022-10-18T19:36:38 IST" duration-ms="1613" status="PASS">
          <reporter-output>
          </reporter-output>
        </test-method> <!-- beforeMethod -->
        <test-method signature="AdminSalaryDashboard()[pri:0, instance:com.testing.EmployeePayroll@dbf57b3]" started-at="2022-10-18T19:36:38 IST" name="AdminSalaryDashboard" finished-at="2022-10-18T19:36:39 IST" duration-ms="1863" status="PASS">
          <reporter-output>
          </reporter-output>
        </test-method> <!-- AdminSalaryDashboard -->
        <test-method is-config="true" signature="afterMethod()[pri:0, instance:com.testing.EmployeePayroll@dbf57b3]" started-at="2022-10-18T19:36:39 IST" name="afterMethod" finished-at="2022-10-18T19:36:42 IST" duration-ms="3009" status="PASS">
          <reporter-output>
          </reporter-output>
        </test-method> <!-- afterMethod -->
        <test-method is-config="true" signature="beforeMethod()[pri:0, instance:com.testing.EmployeePayroll@dbf57b3]" started-at="2022-10-18T19:36:42 IST" name="beforeMethod" finished-at="2022-10-18T19:36:44 IST" duration-ms="2010" status="PASS">
          <reporter-output>
          </reporter-output>
        </test-method> <!-- beforeMethod -->
        <test-method signature="ApplyLeave()[pri:0, instance:com.testing.EmployeePayroll@dbf57b3]" started-at="2022-10-18T19:36:44 IST" name="ApplyLeave" finished-at="2022-10-18T19:36:46 IST" duration-ms="1091" status="PASS">
          <reporter-output>
          </reporter-output>
        </test-method> <!-- ApplyLeave -->
        <test-method is-config="true" signature="afterMethod()[pri:0, instance:com.testing.EmployeePayroll@dbf57b3]" started-at="2022-10-18T19:36:46 IST" name="afterMethod" finished-at="2022-10-18T19:36:49 IST" duration-ms="3022" status="PASS">
          <reporter-output>
          </reporter-output>
        </test-method> <!-- afterMethod -->
        <test-method is-config="true" signature="beforeMethod()[pri:0, instance:com.testing.EmployeePayroll@dbf57b3]" started-at="2022-10-18T19:36:49 IST" name="beforeMethod" finished-at="2022-10-18T19:36:50 IST" duration-ms="1895" status="PASS">
          <reporter-output>
          </reporter-output>
        </test-method> <!-- beforeMethod -->
        <test-method signature="Edit()[pri:0, instance:com.testing.EmployeePayroll@dbf57b3]" started-at="2022-10-18T19:36:50 IST" name="Edit" finished-at="2022-10-18T19:36:51 IST" duration-ms="322" status="PASS">
          <reporter-output>
          </reporter-output>
        </test-method> <!-- Edit -->
        <test-method is-config="true" signature="afterMethod()[pri:0, instance:com.testing.EmployeePayroll@dbf57b3]" started-at="2022-10-18T19:36:51 IST" name="afterMethod" finished-at="2022-10-18T19:36:54 IST" duration-ms="3003" status="PASS">
          <reporter-output>
          </reporter-output>
        </test-method> <!-- afterMethod -->
        <test-method is-config="true" signature="beforeMethod()[pri:0, instance:com.testing.EmployeePayroll@dbf57b3]" started-at="2022-10-18T19:36:54 IST" name="beforeMethod" finished-at="2022-10-18T19:36:56 IST" duration-ms="2178" status="PASS">
          <reporter-output>
          </reporter-output>
        </test-method> <!-- beforeMethod -->
        <test-method signature="LeaveStatus()[pri:0, instance:com.testing.EmployeePayroll@dbf57b3]" started-at="2022-10-18T19:36:56 IST" name="LeaveStatus" finished-at="2022-10-18T19:36:56 IST" duration-ms="447" status="PASS">
          <reporter-output>
          </reporter-output>
        </test-method> <!-- LeaveStatus -->
        <test-method is-config="true" signature="afterMethod()[pri:0, instance:com.testing.EmployeePayroll@dbf57b3]" started-at="2022-10-18T19:36:56 IST" name="afterMethod" finished-at="2022-10-18T19:36:59 IST" duration-ms="3013" status="PASS">
          <reporter-output>
          </reporter-output>
        </test-method> <!-- afterMethod -->
        <test-method is-config="true" signature="beforeMethod()[pri:0, instance:com.testing.EmployeePayroll@dbf57b3]" started-at="2022-10-18T19:36:59 IST" name="beforeMethod" finished-at="2022-10-18T19:37:01 IST" duration-ms="1939" status="PASS">
          <reporter-output>
          </reporter-output>
        </test-method> <!-- beforeMethod -->
        <test-method signature="RegisterPageTest()[pri:0, instance:com.testing.EmployeePayroll@dbf57b3]" started-at="2022-10-18T19:37:01 IST" name="RegisterPageTest" finished-at="2022-10-18T19:37:03 IST" duration-ms="1544" status="PASS">
          <reporter-output>
          </reporter-output>
        </test-method> <!-- RegisterPageTest -->
        <test-method is-config="true" signature="afterMethod()[pri:0, instance:com.testing.EmployeePayroll@dbf57b3]" started-at="2022-10-18T19:37:03 IST" name="afterMethod" finished-at="2022-10-18T19:37:06 IST" duration-ms="3005" status="PASS">
          <reporter-output>
          </reporter-output>
        </test-method> <!-- afterMethod -->
        <test-method is-config="true" signature="beforeMethod()[pri:0, instance:com.testing.EmployeePayroll@dbf57b3]" started-at="2022-10-18T19:37:06 IST" name="beforeMethod" finished-at="2022-10-18T19:37:08 IST" duration-ms="1655" status="PASS">
          <reporter-output>
          </reporter-output>
        </test-method> <!-- beforeMethod -->
        <test-method signature="SalaryDashboard()[pri:0, instance:com.testing.EmployeePayroll@dbf57b3]" started-at="2022-10-18T19:37:08 IST" name="SalaryDashboard" finished-at="2022-10-18T19:37:08 IST" duration-ms="444" status="PASS">
          <reporter-output>
          </reporter-output>
        </test-method> <!-- SalaryDashboard -->
        <test-method is-config="true" signature="afterMethod()[pri:0, instance:com.testing.EmployeePayroll@dbf57b3]" started-at="2022-10-18T19:37:08 IST" name="afterMethod" finished-at="2022-10-18T19:37:11 IST" duration-ms="3006" status="PASS">
          <reporter-output>
          </reporter-output>
        </test-method> <!-- afterMethod -->
        <test-method is-config="true" signature="beforeMethod()[pri:0, instance:com.testing.EmployeePayroll@dbf57b3]" started-at="2022-10-18T19:37:11 IST" name="beforeMethod" finished-at="2022-10-18T19:37:13 IST" duration-ms="2210" status="PASS">
          <reporter-output>
          </reporter-output>
        </test-method> <!-- beforeMethod -->
        <test-method signature="signinTest()[pri:0, instance:com.testing.EmployeePayroll@dbf57b3]" started-at="2022-10-18T19:37:13 IST" name="signinTest" finished-at="2022-10-18T19:37:14 IST" duration-ms="1256" status="PASS">
          <reporter-output>
          </reporter-output>
        </test-method> <!-- signinTest -->
        <test-method is-config="true" signature="afterMethod()[pri:0, instance:com.testing.EmployeePayroll@dbf57b3]" started-at="2022-10-18T19:37:14 IST" name="afterMethod" finished-at="2022-10-18T19:37:17 IST" duration-ms="3003" status="PASS">
          <reporter-output>
          </reporter-output>
        </test-method> <!-- afterMethod -->
        <test-method is-config="true" signature="beforeMethod()[pri:0, instance:com.testing.EmployeePayroll@dbf57b3]" started-at="2022-10-18T19:37:17 IST" name="beforeMethod" finished-at="2022-10-18T19:37:20 IST" duration-ms="2155" status="PASS">
          <reporter-output>
          </reporter-output>
        </test-method> <!-- beforeMethod -->
        <test-method signature="userattendance()[pri:0, instance:com.testing.EmployeePayroll@dbf57b3]" started-at="2022-10-18T19:37:20 IST" name="userattendance" finished-at="2022-10-18T19:37:22 IST" duration-ms="2201" status="PASS">
          <reporter-output>
          </reporter-output>
        </test-method> <!-- userattendance -->
        <test-method is-config="true" signature="afterMethod()[pri:0, instance:com.testing.EmployeePayroll@dbf57b3]" started-at="2022-10-18T19:37:22 IST" name="afterMethod" finished-at="2022-10-18T19:37:25 IST" duration-ms="3004" status="PASS">
          <reporter-output>
          </reporter-output>
        </test-method> <!-- afterMethod -->
        <test-method is-config="true" signature="beforeMethod()[pri:0, instance:com.testing.EmployeePayroll@dbf57b3]" started-at="2022-10-18T19:37:25 IST" name="beforeMethod" finished-at="2022-10-18T19:37:27 IST" duration-ms="2216" status="PASS">
          <reporter-output>
          </reporter-output>
        </test-method> <!-- beforeMethod -->
        <test-method signature="userdashboard()[pri:0, instance:com.testing.EmployeePayroll@dbf57b3]" started-at="2022-10-18T19:37:27 IST" name="userdashboard" finished-at="2022-10-18T19:37:29 IST" duration-ms="2018" status="PASS">
          <reporter-output>
          </reporter-output>
        </test-method> <!-- userdashboard -->
        <test-method is-config="true" signature="afterMethod()[pri:0, instance:com.testing.EmployeePayroll@dbf57b3]" started-at="2022-10-18T19:37:29 IST" name="afterMethod" finished-at="2022-10-18T19:37:32 IST" duration-ms="3001" status="PASS">
          <reporter-output>
          </reporter-output>
        </test-method> <!-- afterMethod -->
      </class> <!-- com.testing.EmployeePayroll -->
    </test> <!-- Default test -->
  </suite> <!-- Default suite -->
</testng-results>
