<?xml version="1.0" encoding="UTF-8"?>
<testng-results ignored="0" total="2" passed="2" failed="0" skipped="0">
  <reporter-output>
  </reporter-output>
  <suite started-at="2022-10-20T00:36:28 IST" name="Default suite" finished-at="2022-10-20T00:37:34 IST" duration-ms="66161">
    <groups>
    </groups>
    <test started-at="2022-10-20T00:36:28 IST" name="Default test" finished-at="2022-10-20T00:37:34 IST" duration-ms="66161">
      <class name="com.example.demo.EmployeePayroll">
        <test-method is-config="true" signature="beforeClass()[pri:0, instance:com.example.demo.EmployeePayroll@5f683daf]" started-at="2022-10-20T00:36:28 IST" name="beforeClass" finished-at="2022-10-20T00:36:29 IST" duration-ms="1567" status="PASS">
          <reporter-output>
          </reporter-output>
        </test-method> <!-- beforeClass -->
        <test-method signature="userTest()[pri:1, instance:com.example.demo.EmployeePayroll@5f683daf]" started-at="2022-10-20T00:36:29 IST" name="userTest" finished-at="2022-10-20T00:37:03 IST" duration-ms="33602" status="PASS">
          <reporter-output>
          </reporter-output>
        </test-method> <!-- userTest -->
        <test-method signature="adminTest()[pri:2, instance:com.example.demo.EmployeePayroll@5f683daf]" started-at="2022-10-20T00:37:03 IST" name="adminTest" finished-at="2022-10-20T00:37:34 IST" duration-ms="30963" status="PASS">
          <reporter-output>
          </reporter-output>
        </test-method> <!-- adminTest -->
        <test-method is-config="true" signature="afterClass()[pri:0, instance:com.example.demo.EmployeePayroll@5f683daf]" started-at="2022-10-20T00:37:34 IST" name="afterClass" finished-at="2022-10-20T00:37:34 IST" duration-ms="0" status="PASS">
          <reporter-output>
          </reporter-output>
        </test-method> <!-- afterClass -->
      </class> <!-- com.example.demo.EmployeePayroll -->
    </test> <!-- Default test -->
  </suite> <!-- Default suite -->
</testng-results>
