<?xml version="1.0" encoding="UTF-8"?>
<testng-results ignored="0" total="2" passed="2" failed="0" skipped="0">
  <reporter-output>
  </reporter-output>
  <suite started-at="2022-10-20T00:29:47 IST" name="Default suite" finished-at="2022-10-20T00:30:52 IST" duration-ms="65115">
    <groups>
    </groups>
    <test started-at="2022-10-20T00:29:47 IST" name="Default test" finished-at="2022-10-20T00:30:52 IST" duration-ms="65115">
      <class name="com.testing.EmployeePayroll">
        <test-method is-config="true" signature="beforeClass()[pri:0, instance:com.testing.EmployeePayroll@b3ca52e]" started-at="2022-10-20T00:29:47 IST" name="beforeClass" finished-at="2022-10-20T00:29:48 IST" duration-ms="1205" status="PASS">
          <reporter-output>
          </reporter-output>
        </test-method> <!-- beforeClass -->
        <test-method signature="userTest()[pri:1, instance:com.testing.EmployeePayroll@b3ca52e]" started-at="2022-10-20T00:29:48 IST" name="userTest" finished-at="2022-10-20T00:30:22 IST" duration-ms="33484" status="PASS">
          <reporter-output>
          </reporter-output>
        </test-method> <!-- userTest -->
        <test-method signature="adminTest()[pri:2, instance:com.testing.EmployeePayroll@b3ca52e]" started-at="2022-10-20T00:30:22 IST" name="adminTest" finished-at="2022-10-20T00:30:52 IST" duration-ms="30392" status="PASS">
          <reporter-output>
          </reporter-output>
        </test-method> <!-- adminTest -->
        <test-method is-config="true" signature="afterClass()[pri:0, instance:com.testing.EmployeePayroll@b3ca52e]" started-at="2022-10-20T00:30:52 IST" name="afterClass" finished-at="2022-10-20T00:30:52 IST" duration-ms="1" status="PASS">
          <reporter-output>
          </reporter-output>
        </test-method> <!-- afterClass -->
      </class> <!-- com.testing.EmployeePayroll -->
    </test> <!-- Default test -->
  </suite> <!-- Default suite -->
</testng-results>
